[debug] ----------------------------------------------------------------------
[debug] Command:      /usr/local/Cellar/node/5.0.0/bin/node /usr/local/bin/firebase deploy
[debug] Platform:     darwin
[debug] Node Version: v5.0.0
[debug] Time:         Wed Dec 09 2015 13:25:59 GMT-0700 (MST)
[debug] ----------------------------------------------------------------------
[debug] 
[debug] >>> HTTP REQUEST GET https://admin.firebase.com/firebase/preAssessPatrickD/token?token=XXX 
[debug] <<< HTTP RESPONSE 200
[debug] >>> HTTP REQUEST GET https://admin.firebase.com/firebase/preAssessPatrickD/token?token=XXX 
[debug] <<< HTTP RESPONSE 200
[info] 
[info] === Deploying to 'preAssessPatrickD'...
[info] 
[info] i  deploying hosting
[info] i  preparing public directory for upload...
[debug] >>> HTTP REQUEST PUT https://deploy.firebase.com/firebase/preAssessPatrickD/uploads/-K57Q-OkYwny_Fw4LEfg?token=XXX&fileCount=17&message= 
[debug] <<< HTTP RESPONSE 200
[debug] ----------------------------------------------------------------------
[debug] Command:      /usr/local/Cellar/node/5.0.0/bin/node /usr/local/bin/firebase deploy
[debug] Platform:     darwin
[debug] Node Version: v5.0.0
[debug] Time:         Wed Dec 09 2015 13:36:44 GMT-0700 (MST)
[debug] ----------------------------------------------------------------------
[debug] 
[debug] >>> HTTP REQUEST GET https://admin.firebase.com/firebase/preAssessPatrickD/token?token=XXX 
[debug] <<< HTTP RESPONSE 200
[debug] >>> HTTP REQUEST GET https://admin.firebase.com/firebase/preAssessPatrickD/token?token=XXX 
[debug] <<< HTTP RESPONSE 200
[info] 
[info] === Deploying to 'preAssessPatrickD'...
[info] 
[info] i  deploying hosting
[info] i  preparing public directory for upload...
[debug] >>> HTTP REQUEST PUT https://deploy.firebase.com/firebase/preAssessPatrickD/uploads/-K57SSv2mDfcnhgeGqth?token=XXX&fileCount=17&message= 
[debug] <<< HTTP RESPONSE 200
[debug] ----------------------------------------------------------------------
[debug] Command:      /usr/local/Cellar/node/5.0.0/bin/node /usr/local/bin/firebase deploy
[debug] Platform:     darwin
[debug] Node Version: v5.0.0
[debug] Time:         Wed Dec 09 2015 13:41:33 GMT-0700 (MST)
[debug] ----------------------------------------------------------------------
[debug] 
[debug] >>> HTTP REQUEST GET https://admin.firebase.com/firebase/preAssessPatrickD/token?token=XXX 
[debug] <<< HTTP RESPONSE 200
[debug] >>> HTTP REQUEST GET https://admin.firebase.com/firebase/preAssessPatrickD/token?token=XXX 
[debug] <<< HTTP RESPONSE 200
[info] 
[info] === Deploying to 'preAssessPatrickD'...
[info] 
[info] i  deploying hosting
[info] i  preparing public directory for upload...
[debug] >>> HTTP REQUEST PUT https://deploy.firebase.com/firebase/preAssessPatrickD/uploads/-K57TZNQdRTAG6nXraIP?token=XXX&fileCount=17&message= 
[debug] <<< HTTP RESPONSE 200
[debug] ----------------------------------------------------------------------
[debug] Command:      /usr/local/Cellar/node/5.0.0/bin/node /usr/local/bin/firebase deploy
[debug] Platform:     darwin
[debug] Node Version: v5.0.0
[debug] Time:         Wed Dec 09 2015 13:43:51 GMT-0700 (MST)
[debug] ----------------------------------------------------------------------
[debug] 
[debug] >>> HTTP REQUEST GET https://admin.firebase.com/firebase/preAssessPatrickD/token?token=XXX 
[debug] <<< HTTP RESPONSE 200
[debug] >>> HTTP REQUEST GET https://admin.firebase.com/firebase/preAssessPatrickD/token?token=XXX 
[debug] <<< HTTP RESPONSE 200
[info] 
[info] === Deploying to 'preAssessPatrickD'...
[info] 
[info] i  deploying hosting
[info] i  preparing public directory for upload...
[debug] >>> HTTP REQUEST PUT https://deploy.firebase.com/firebase/preAssessPatrickD/uploads/-K57U5FSmHrIFv7X60V0?token=XXX&fileCount=17&message= 
[debug] <<< HTTP RESPONSE 200
